127.0.0.1 - - [07/Apr/2022:14:17:18 +0300] "GET / HTTP/1.1" 500 735748
127.0.0.1 - - [07/Apr/2022:14:17:20 +0300] "GET /favicon.ico HTTP/1.1" 200 -
127.0.0.1 - - [07/Apr/2022:14:17:37 +0300] "GET / HTTP/1.1" 500 733962
127.0.0.1 - - [07/Apr/2022:14:17:58 +0300] "GET / HTTP/1.1" 500 734336
::1 - - [07/Apr/2022:14:18:15 +0300] "GET / HTTP/1.1" 500 736488
::1 - - [07/Apr/2022:14:18:17 +0300] "GET /favicon.ico HTTP/1.1" 200 -
::1 - - [07/Apr/2022:14:20:44 +0300] "GET / HTTP/1.1" 500 736890
::1 - - [07/Apr/2022:14:20:46 +0300] "GET /favicon.ico HTTP/1.1" 200 -
::1 - - [07/Apr/2022:14:25:32 +0300] "GET / HTTP/1.1" 500 16950
::1 - - [07/Apr/2022:14:25:32 +0300] "GET /favicon.ico HTTP/1.1" 200 -
::1 - - [07/Apr/2022:14:26:00 +0300] "GET / HTTP/1.1" 500 16966
::1 - - [07/Apr/2022:14:26:00 +0300] "GET /favicon.ico HTTP/1.1" 200 -
::1 - - [07/Apr/2022:14:27:42 +0300] "GET / HTTP/1.1" 500 17096
::1 - - [07/Apr/2022:14:27:42 +0300] "GET /favicon.ico HTTP/1.1" 200 -
::1 - - [07/Apr/2022:14:30:58 +0300] "GET / HTTP/1.1" 500 17086
::1 - - [07/Apr/2022:14:30:59 +0300] "GET /favicon.ico HTTP/1.1" 200 -
::1 - - [07/Apr/2022:14:32:33 +0300] "GET / HTTP/1.1" 500 736908
::1 - - [07/Apr/2022:14:32:35 +0300] "GET /favicon.ico HTTP/1.1" 200 -
::1 - - [07/Apr/2022:14:34:42 +0300] "GET / HTTP/1.1" 500 736908
::1 - - [07/Apr/2022:14:34:44 +0300] "GET /favicon.ico HTTP/1.1" 200 -
::1 - - [07/Apr/2022:14:34:46 +0300] "GET / HTTP/1.1" 500 736908
::1 - - [07/Apr/2022:14:34:48 +0300] "GET /favicon.ico HTTP/1.1" 200 -
::1 - - [07/Apr/2022:14:39:11 +0300] "GET / HTTP/1.1" 500 17084
::1 - - [07/Apr/2022:14:39:12 +0300] "GET /favicon.ico HTTP/1.1" 200 -
::1 - - [07/Apr/2022:14:40:18 +0300] "GET / HTTP/1.1" 500 17084
::1 - - [07/Apr/2022:14:40:18 +0300] "GET /favicon.ico HTTP/1.1" 200 -
::1 - - [07/Apr/2022:14:40:52 +0300] "GET / HTTP/1.1" 500 736908
::1 - - [07/Apr/2022:14:40:54 +0300] "GET /favicon.ico HTTP/1.1" 200 -
::1 - - [07/Apr/2022:14:42:02 +0300] "GET / HTTP/1.1" 500 736908
::1 - - [07/Apr/2022:14:42:04 +0300] "GET /favicon.ico HTTP/1.1" 200 -
::1 - - [07/Apr/2022:14:42:14 +0300] "GET / HTTP/1.1" 500 17091
::1 - - [07/Apr/2022:14:42:14 +0300] "GET /favicon.ico HTTP/1.1" 200 -
::1 - - [07/Apr/2022:14:53:29 +0300] "GET / HTTP/1.1" 500 736908
::1 - - [07/Apr/2022:14:53:31 +0300] "GET /favicon.ico HTTP/1.1" 200 -
::1 - - [07/Apr/2022:15:08:50 +0300] "GET / HTTP/1.1" 500 736908
::1 - - [07/Apr/2022:15:08:52 +0300] "GET /favicon.ico HTTP/1.1" 200 -
::1 - - [07/Apr/2022:15:09:41 +0300] "GET / HTTP/1.1" 500 736908
::1 - - [07/Apr/2022:15:09:43 +0300] "GET /favicon.ico HTTP/1.1" 200 -
::1 - - [07/Apr/2022:15:09:47 +0300] "GET /favicon.ico HTTP/1.1" 200 -
::1 - - [07/Apr/2022:15:10:00 +0300] "GET / HTTP/1.1" 500 17070
::1 - - [07/Apr/2022:15:10:00 +0300] "GET /favicon.ico HTTP/1.1" 200 -
::1 - - [07/Apr/2022:15:11:33 +0300] "GET / HTTP/1.1" 500 17072
::1 - - [07/Apr/2022:15:11:33 +0300] "GET /favicon.ico HTTP/1.1" 200 -
::1 - - [07/Apr/2022:15:11:37 +0300] "GET / HTTP/1.1" 500 17070
::1 - - [07/Apr/2022:15:11:37 +0300] "GET /favicon.ico HTTP/1.1" 200 -
::1 - - [07/Apr/2022:15:13:33 +0300] "GET / HTTP/1.1" 500 17072
::1 - - [07/Apr/2022:15:13:33 +0300] "GET /favicon.ico HTTP/1.1" 200 -
::1 - - [07/Apr/2022:15:13:47 +0300] "GET / HTTP/1.1" 500 736848
::1 - - [07/Apr/2022:15:13:49 +0300] "GET /favicon.ico HTTP/1.1" 200 -
::1 - - [07/Apr/2022:15:15:54 +0300] "GET / HTTP/1.1" 500 736908
::1 - - [07/Apr/2022:15:15:56 +0300] "GET /favicon.ico HTTP/1.1" 200 -
::1 - - [07/Apr/2022:15:16:00 +0300] "GET / HTTP/1.1" 500 736908
::1 - - [07/Apr/2022:15:16:01 +0300] "GET /favicon.ico HTTP/1.1" 200 -
::1 - - [07/Apr/2022:15:20:34 +0300] "GET / HTTP/1.1" 500 705175
::1 - - [07/Apr/2022:15:20:35 +0300] "GET /favicon.ico HTTP/1.1" 200 -
::1 - - [07/Apr/2022:15:21:08 +0300] "GET / HTTP/1.1" 500 17070
::1 - - [07/Apr/2022:15:21:08 +0300] "GET /favicon.ico HTTP/1.1" 200 -
::1 - - [07/Apr/2022:15:24:18 +0300] "GET / HTTP/1.1" 500 736908
::1 - - [07/Apr/2022:15:24:20 +0300] "GET /favicon.ico HTTP/1.1" 200 -
::1 - - [07/Apr/2022:15:30:00 +0300] "GET / HTTP/1.1" 500 736980
::1 - - [07/Apr/2022:15:30:02 +0300] "GET /favicon.ico HTTP/1.1" 200 -
::1 - - [07/Apr/2022:15:32:37 +0300] "GET / HTTP/1.1" 500 736980
::1 - - [07/Apr/2022:15:32:39 +0300] "GET /favicon.ico HTTP/1.1" 200 -
::1 - - [07/Apr/2022:15:32:48 +0300] "GET / HTTP/1.1" 500 736980
::1 - - [07/Apr/2022:15:32:50 +0300] "GET /favicon.ico HTTP/1.1" 200 -
::1 - - [07/Apr/2022:15:51:50 +0300] "GET / HTTP/1.1" 500 17072
::1 - - [07/Apr/2022:15:51:50 +0300] "GET /favicon.ico HTTP/1.1" 200 -
::1 - - [07/Apr/2022:15:55:21 +0300] "GET / HTTP/1.1" 500 721477
::1 - - [07/Apr/2022:15:55:23 +0300] "GET /favicon.ico HTTP/1.1" 200 -
::1 - - [07/Apr/2022:15:56:43 +0300] "GET / HTTP/1.1" 500 755286
::1 - - [07/Apr/2022:15:56:45 +0300] "GET /favicon.ico HTTP/1.1" 200 -
::1 - - [07/Apr/2022:15:57:30 +0300] "GET / HTTP/1.1" 500 706173
::1 - - [07/Apr/2022:15:57:32 +0300] "GET /favicon.ico HTTP/1.1" 200 -
::1 - - [07/Apr/2022:16:00:04 +0300] "GET / HTTP/1.1" 500 18707
::1 - - [07/Apr/2022:16:00:06 +0300] "GET /favicon.ico HTTP/1.1" 200 -
::1 - - [07/Apr/2022:16:00:37 +0300] "GET / HTTP/1.1" 200 5
::1 - - [07/Apr/2022:16:00:40 +0300] "GET /favicon.ico HTTP/1.1" 200 -
::1 - - [07/Apr/2022:16:32:56 +0300] "GET / HTTP/1.1" 500 752740
::1 - - [07/Apr/2022:16:33:18 +0300] "GET /favicon.ico HTTP/1.1" 200 -
::1 - - [07/Apr/2022:16:33:47 +0300] "GET / HTTP/1.1" 500 752740
::1 - - [07/Apr/2022:16:34:09 +0300] "GET /favicon.ico HTTP/1.1" 200 -
::1 - - [07/Apr/2022:16:34:41 +0300] "GET / HTTP/1.1" 200 5
::1 - - [07/Apr/2022:16:34:44 +0300] "GET /favicon.ico HTTP/1.1" 200 -
::1 - - [10/Apr/2022:20:34:32 +0300] "GET / HTTP/1.1" 200 5
::1 - - [10/Apr/2022:20:34:36 +0300] "GET /favicon.ico HTTP/1.1" 200 -
::1 - - [12/Apr/2022:07:41:03 +0300] "GET / HTTP/1.1" 200 5
::1 - - [12/Apr/2022:07:41:06 +0300] "GET /favicon.ico HTTP/1.1" 200 -
::1 - - [13/Apr/2022:07:22:43 +0300] "GET / HTTP/1.1" 200 5
::1 - - [13/Apr/2022:07:22:46 +0300] "GET /favicon.ico HTTP/1.1" 200 -
::1 - - [13/Apr/2022:22:56:55 +0300] "GET / HTTP/1.1" 200 5
::1 - - [13/Apr/2022:22:56:59 +0300] "GET /favicon.ico HTTP/1.1" 200 -
::1 - - [14/Apr/2022:03:56:11 +0300] "GET / HTTP/1.1" 200 5
::1 - - [14/Apr/2022:03:56:14 +0300] "GET /favicon.ico HTTP/1.1" 200 -
::1 - - [14/Apr/2022:03:56:40 +0300] "GET /dashboard HTTP/1.1" 302 338
::1 - - [14/Apr/2022:03:56:41 +0300] "GET /login HTTP/1.1" 200 18798
::1 - - [14/Apr/2022:03:56:41 +0300] "GET /css/app.css?id=782cbce0be7d958687b26461f04db1d3 HTTP/1.1" 200 23143
::1 - - [14/Apr/2022:03:56:41 +0300] "GET /js/app.js?id=bed7c25f63088bf9c6b93e7b0d091914 HTTP/1.1" 200 1986502
::1 - - [14/Apr/2022:03:56:41 +0300] "GET /favicon.ico HTTP/1.1" 200 -
::1 - - [14/Apr/2022:03:56:59 +0300] "GET /register HTTP/1.1" 200 18804
::1 - - [14/Apr/2022:03:56:59 +0300] "GET /fonts/vendor/primeicons/primeicons.ttf?91bacab1f083f2795272499faf7e83dc HTTP/1.1" 200 66644
::1 - - [14/Apr/2022:03:56:59 +0300] "GET /favicon.ico HTTP/1.1" 200 -
::1 - - [14/Apr/2022:06:34:34 +0300] "GET / HTTP/1.1" 200 5
::1 - - [14/Apr/2022:06:34:37 +0300] "GET / HTTP/1.1" 200 5
::1 - - [14/Apr/2022:06:34:40 +0300] "GET /favicon.ico HTTP/1.1" 200 -
::1 - - [15/Apr/2022:12:50:50 +0300] "GET / HTTP/1.1" 404 6607
::1 - - [15/Apr/2022:12:50:50 +0300] "GET /favicon.ico HTTP/1.1" 200 -
::1 - - [15/Apr/2022:12:51:01 +0300] "GET / HTTP/1.1" 404 6607
::1 - - [15/Apr/2022:12:51:01 +0300] "GET /favicon.ico HTTP/1.1" 200 -
::1 - - [15/Apr/2022:12:51:13 +0300] "GET / HTTP/1.1" 500 698348
::1 - - [15/Apr/2022:12:51:14 +0300] "GET /favicon.ico HTTP/1.1" 200 -
::1 - - [15/Apr/2022:12:52:48 +0300] "GET / HTTP/1.1" 500 736984
::1 - - [15/Apr/2022:12:52:51 +0300] "GET /favicon.ico HTTP/1.1" 200 -
::1 - - [15/Apr/2022:12:52:55 +0300] "GET /favicon.ico HTTP/1.1" 200 -
::1 - - [15/Apr/2022:21:02:06 +0300] "GET / HTTP/1.1" 500 735206
::1 - - [15/Apr/2022:21:02:08 +0300] "GET /favicon.ico HTTP/1.1" 200 -
::1 - - [16/Apr/2022:06:47:24 +0300] "GET / HTTP/1.1" 500 735206
::1 - - [16/Apr/2022:06:47:27 +0300] "GET /favicon.ico HTTP/1.1" 200 -
::1 - - [16/Apr/2022:08:22:24 +0300] "GET / HTTP/1.1" 500 737022
::1 - - [16/Apr/2022:08:22:26 +0300] "GET /favicon.ico HTTP/1.1" 200 -
::1 - - [16/Apr/2022:08:30:17 +0300] "GET / HTTP/1.1" 500 737088
::1 - - [16/Apr/2022:08:30:19 +0300] "GET /favicon.ico HTTP/1.1" 200 -
::1 - - [16/Apr/2022:08:43:42 +0300] "GET / HTTP/1.1" 500 762683
::1 - - [16/Apr/2022:08:44:08 +0300] "GET /favicon.ico HTTP/1.1" 200 -
::1 - - [16/Apr/2022:08:44:20 +0300] "GET / HTTP/1.1" 500 757975
::1 - - [16/Apr/2022:08:44:44 +0300] "GET /favicon.ico HTTP/1.1" 200 -
::1 - - [16/Apr/2022:08:45:29 +0300] "GET / HTTP/1.1" 500 764589
::1 - - [16/Apr/2022:08:45:58 +0300] "GET /favicon.ico HTTP/1.1" 200 -
::1 - - [16/Apr/2022:08:48:01 +0300] "GET / HTTP/1.1" 500 775105
::1 - - [16/Apr/2022:08:48:38 +0300] "GET /favicon.ico HTTP/1.1" 200 -
::1 - - [16/Apr/2022:08:48:56 +0300] "GET / HTTP/1.1" 500 764863
::1 - - [16/Apr/2022:08:49:28 +0300] "GET /favicon.ico HTTP/1.1" 200 -
::1 - - [16/Apr/2022:08:55:06 +0300] "GET / HTTP/1.1" 500 761619
::1 - - [16/Apr/2022:09:18:26 +0300] "GET / HTTP/1.1" 500 16912
::1 - - [16/Apr/2022:09:18:28 +0300] "GET /favicon.ico HTTP/1.1" 200 -
::1 - - [16/Apr/2022:09:18:51 +0300] "GET / HTTP/1.1" 500 16910
::1 - - [16/Apr/2022:09:18:53 +0300] "GET /favicon.ico HTTP/1.1" 200 -
::1 - - [16/Apr/2022:09:18:54 +0300] "GET / HTTP/1.1" 500 16908
::1 - - [16/Apr/2022:09:18:56 +0300] "GET /favicon.ico HTTP/1.1" 200 -
::1 - - [16/Apr/2022:09:19:14 +0300] "GET / HTTP/1.1" 500 71015
::1 - - [16/Apr/2022:09:19:16 +0300] "GET /favicon.ico HTTP/1.1" 200 -
::1 - - [16/Apr/2022:09:20:26 +0300] "GET / HTTP/1.1" 500 16912
::1 - - [16/Apr/2022:09:20:29 +0300] "GET /favicon.ico HTTP/1.1" 200 -
::1 - - [16/Apr/2022:09:21:56 +0300] "GET / HTTP/1.1" 500 16910
::1 - - [16/Apr/2022:09:21:58 +0300] "GET /favicon.ico HTTP/1.1" 200 -
::1 - - [16/Apr/2022:09:23:02 +0300] "GET / HTTP/1.1" 500 16912
::1 - - [16/Apr/2022:09:23:05 +0300] "GET /favicon.ico HTTP/1.1" 200 -
::1 - - [16/Apr/2022:09:24:08 +0300] "GET / HTTP/1.1" 500 752982
::1 - - [16/Apr/2022:09:24:31 +0300] "GET /favicon.ico HTTP/1.1" 200 -
::1 - - [16/Apr/2022:09:24:58 +0300] "GET / HTTP/1.1" 500 16912
::1 - - [16/Apr/2022:09:25:00 +0300] "GET /favicon.ico HTTP/1.1" 200 -
::1 - - [16/Apr/2022:09:25:04 +0300] "GET / HTTP/1.1" 500 16912
::1 - - [16/Apr/2022:09:25:06 +0300] "GET /favicon.ico HTTP/1.1" 200 -
::1 - - [16/Apr/2022:09:26:14 +0300] "GET / HTTP/1.1" 500 755956
::1 - - [16/Apr/2022:09:26:43 +0300] "GET /favicon.ico HTTP/1.1" 200 -
::1 - - [16/Apr/2022:09:27:12 +0300] "GET / HTTP/1.1" 500 756008
::1 - - [16/Apr/2022:09:27:37 +0300] "GET /favicon.ico HTTP/1.1" 200 -
::1 - - [16/Apr/2022:09:33:29 +0300] "GET / HTTP/1.1" 500 756028
::1 - - [16/Apr/2022:09:33:56 +0300] "GET /favicon.ico HTTP/1.1" 200 -
::1 - - [16/Apr/2022:09:38:10 +0300] "GET / HTTP/1.1" 500 756983
::1 - - [16/Apr/2022:09:38:33 +0300] "GET /favicon.ico HTTP/1.1" 200 -
::1 - - [16/Apr/2022:09:45:28 +0300] "GET / HTTP/1.1" 500 18068
::1 - - [16/Apr/2022:09:45:31 +0300] "GET /favicon.ico HTTP/1.1" 200 -
::1 - - [16/Apr/2022:10:01:31 +0300] "GET / HTTP/1.1" 500 722389
::1 - - [16/Apr/2022:10:01:35 +0300] "GET /favicon.ico HTTP/1.1" 200 -
::1 - - [16/Apr/2022:10:05:17 +0300] "GET / HTTP/1.1" 500 755504
::1 - - [16/Apr/2022:10:05:20 +0300] "GET /favicon.ico HTTP/1.1" 200 -
::1 - - [16/Apr/2022:10:09:17 +0300] "GET / HTTP/1.1" 500 755530
::1 - - [16/Apr/2022:10:09:20 +0300] "GET /favicon.ico HTTP/1.1" 200 -
::1 - - [16/Apr/2022:10:10:29 +0300] "GET / HTTP/1.1" 500 755528
::1 - - [16/Apr/2022:10:10:32 +0300] "GET /favicon.ico HTTP/1.1" 200 -
::1 - - [16/Apr/2022:10:11:36 +0300] "GET / HTTP/1.1" 500 774725
::1 - - [16/Apr/2022:10:12:07 +0300] "GET /favicon.ico HTTP/1.1" 200 -
::1 - - [16/Apr/2022:10:17:18 +0300] "GET / HTTP/1.1" 500 769931
::1 - - [16/Apr/2022:10:17:49 +0300] "GET / HTTP/1.1" 200 5
::1 - - [16/Apr/2022:10:20:11 +0300] "GET /favicon.ico HTTP/1.1" 200 -
::1 - - [16/Apr/2022:10:21:26 +0300] "GET / HTTP/1.1" 200 5
::1 - - [16/Apr/2022:10:23:45 +0300] "GET /favicon.ico HTTP/1.1" 200 -
::1 - - [19/Apr/2022:06:35:09 +0300] "GET / HTTP/1.1" 200 5
::1 - - [19/Apr/2022:06:37:22 +0300] "GET /favicon.ico HTTP/1.1" 200 -
::1 - - [20/Apr/2022:10:09:22 +0300] "GET / HTTP/1.1" 200 5
::1 - - [20/Apr/2022:10:11:39 +0300] "GET /favicon.ico HTTP/1.1" 200 -
127.0.0.1 - - [23/Apr/2022:20:21:15 +0300] "GET / HTTP/1.1" 200 5
